<?xml version="1.0" encoding="UTF-8"?>
<!-- Generated by org.testng.reporters.JUnitXMLReporter -->
<testsuite ignored="0" hostname="LIN59020562" failures="0" tests="3" name="Default test" time="29.59" errors="0" timestamp="2025-05-29T10:44:32 IST">
  <testcase classname="Apauskar.Tests.StandAloneTest" name="Submitorder" time="3.718"/>
  <testcase classname="Apauskar.Tests.StandAloneTest" name="Submitorder" time="3.794"/>
  <testcase classname="Apauskar.Tests.StandAloneTest" name="OrderHistoryTest" time="1.053"/>
</testsuite> <!-- Default test -->
