<?xml version="1.0" encoding="UTF-8"?>
<!-- Generated by org.testng.reporters.JUnitXMLReporter -->
<testsuite ignored="0" hostname="LIN59017689" failures="0" tests="3" name="Default test" time="26.975" errors="0" timestamp="2025-06-15T20:52:30 IST">
  <testcase classname="Apauskar.Tests.StandAloneTest" name="Submitorder" time="5.942"/>
  <testcase classname="Apauskar.Tests.StandAloneTest" name="Submitorder" time="4.319"/>
  <testcase classname="Apauskar.Tests.StandAloneTest" name="OrderHistoryTest" time="1.508"/>
</testsuite> <!-- Default test -->
