<?xml version="1.0" encoding="UTF-8"?>
<!-- Generated by org.testng.reporters.JUnitXMLReporter -->
<testsuite ignored="0" hostname="LIN59020562" failures="0" tests="3" name="Submit Order" time="36.031" errors="0" timestamp="2025-05-27T11:54:18 IST">
  <testcase classname="Apauskar.Tests.StandAloneTest" name="Submitorder" time="4.78"/>
  <testcase classname="Apauskar.Tests.StandAloneTest" name="Submitorder" time="6.2"/>
  <testcase classname="Apauskar.Tests.StandAloneTest" name="OrderHistoryTest" time="1.441"/>
</testsuite> <!-- Submit Order -->
