<?xml version="1.0" encoding="UTF-8"?>
<testng-results ignored="0" total="3" passed="3" failed="0" skipped="0">
  <reporter-output>
  </reporter-output>
  <suite started-at="2025-06-15T20:52:03 IST" name="Default suite" finished-at="2025-06-15T20:52:29 IST" duration-ms="26975">
    <groups>
      <group name="Purchase">
        <method signature="StandAloneTest.Submitorder(java.util.HashMap)[pri:0, instance:Apauskar.Tests.StandAloneTest@4135c3b]" name="Submitorder" class="Apauskar.Tests.StandAloneTest"/>
      </group> <!-- Purchase -->
    </groups>
    <test started-at="2025-06-15T20:52:03 IST" name="Default test" finished-at="2025-06-15T20:52:29 IST" duration-ms="26975">
      <class name="Apauskar.Tests.StandAloneTest">
        <test-method is-config="true" signature="LaunchApplication()[pri:0, instance:Apauskar.Tests.StandAloneTest@4135c3b]" started-at="2025-06-15T20:52:03 IST" name="LaunchApplication" finished-at="2025-06-15T20:52:08 IST" duration-ms="5108" status="PASS">
          <reporter-output>
          </reporter-output>
        </test-method> <!-- LaunchApplication -->
        <test-method signature="Submitorder(java.util.HashMap)[pri:0, instance:Apauskar.Tests.StandAloneTest@4135c3b]" started-at="2025-06-15T20:52:08 IST" name="Submitorder" data-provider="getData" finished-at="2025-06-15T20:52:14 IST" duration-ms="5942" status="PASS">
          <params>
            <param index="0">
              <value>
                <![CDATA[{password=Minikey9686!, product=ZARA COAT 3, email=AKAK@gmail.com}]]>
              </value>
            </param>
          </params>
          <reporter-output>
          </reporter-output>
        </test-method> <!-- Submitorder -->
        <test-method is-config="true" signature="tearDown()[pri:0, instance:Apauskar.Tests.StandAloneTest@4135c3b]" started-at="2025-06-15T20:52:14 IST" name="tearDown" finished-at="2025-06-15T20:52:14 IST" duration-ms="452" status="PASS">
          <reporter-output>
          </reporter-output>
        </test-method> <!-- tearDown -->
        <test-method is-config="true" signature="LaunchApplication()[pri:0, instance:Apauskar.Tests.StandAloneTest@4135c3b]" started-at="2025-06-15T20:52:14 IST" name="LaunchApplication" finished-at="2025-06-15T20:52:19 IST" duration-ms="4714" status="PASS">
          <reporter-output>
          </reporter-output>
        </test-method> <!-- LaunchApplication -->
        <test-method signature="Submitorder(java.util.HashMap)[pri:0, instance:Apauskar.Tests.StandAloneTest@4135c3b]" started-at="2025-06-15T20:52:19 IST" name="Submitorder" data-provider="getData" finished-at="2025-06-15T20:52:23 IST" duration-ms="4319" status="PASS">
          <params>
            <param index="0">
              <value>
                <![CDATA[{password=Sap@123, product=IPHONE 13 PRO, email=surajvpatil49@gmail.com}]]>
              </value>
            </param>
          </params>
          <reporter-output>
          </reporter-output>
        </test-method> <!-- Submitorder -->
        <test-method is-config="true" signature="tearDown()[pri:0, instance:Apauskar.Tests.StandAloneTest@4135c3b]" started-at="2025-06-15T20:52:23 IST" name="tearDown" finished-at="2025-06-15T20:52:23 IST" duration-ms="242" status="PASS">
          <reporter-output>
          </reporter-output>
        </test-method> <!-- tearDown -->
        <test-method is-config="true" signature="LaunchApplication()[pri:0, instance:Apauskar.Tests.StandAloneTest@4135c3b]" started-at="2025-06-15T20:52:23 IST" name="LaunchApplication" finished-at="2025-06-15T20:52:28 IST" duration-ms="4212" status="PASS">
          <reporter-output>
          </reporter-output>
        </test-method> <!-- LaunchApplication -->
        <test-method signature="OrderHistoryTest()[pri:0, instance:Apauskar.Tests.StandAloneTest@4135c3b]" started-at="2025-06-15T20:52:28 IST" name="OrderHistoryTest" finished-at="2025-06-15T20:52:29 IST" depends-on-methods="Apauskar.Tests.StandAloneTest.Submitorder" duration-ms="1508" status="PASS">
          <reporter-output>
          </reporter-output>
        </test-method> <!-- OrderHistoryTest -->
        <test-method is-config="true" signature="tearDown()[pri:0, instance:Apauskar.Tests.StandAloneTest@4135c3b]" started-at="2025-06-15T20:52:29 IST" name="tearDown" finished-at="2025-06-15T20:52:29 IST" duration-ms="395" status="PASS">
          <reporter-output>
          </reporter-output>
        </test-method> <!-- tearDown -->
      </class> <!-- Apauskar.Tests.StandAloneTest -->
    </test> <!-- Default test -->
  </suite> <!-- Default suite -->
</testng-results>
